<?xml version="1.0" encoding="UTF-8"?>
<!-- Generated by org.testng.reporters.JUnitXMLReporter -->
<testsuite ignored="2" hostname="BOOK-T43CJUDFP3" failures="0" tests="1" name="Default test" time="15.426" errors="0" timestamp="2025-11-14T11:16:29 IST">
  <testcase classname="com.comcast.crm.contacttest.CreateContactTest" name="createContactWithOrgTest" time="11.133"/>
  <testcase classname="com.comcast.crm.contacttest.CreateContactTest" name="createContactTest" time="0.0">
    <ignored/>
  </testcase> <!-- createContactTest -->
  <testcase classname="com.comcast.crm.contacttest.CreateContactTest" name="createContactWithMobileTest" time="0.0">
    <ignored/>
  </testcase> <!-- createContactWithMobileTest -->
</testsuite> <!-- Default test -->
