<?xml version="1.0" encoding="UTF-8"?>
<!-- Generated by org.testng.reporters.JUnitXMLReporter -->
<testsuite ignored="8" hostname="BOOK-T43CJUDFP3" failures="0" tests="12" name="Test-2" time="153.408" errors="0" timestamp="2025-11-14T11:10:47 IST">
  <testcase classname="com.comcast.crm.contacttest.CreateContactTest" name="createContactTest" time="8.841"/>
  <testcase classname="com.comcast.crm.contacttest.CreateContactTest" name="createContactWithMobileTest" time="7.747"/>
  <testcase classname="com.comcast.crm.contacttest.CreateContactTest" name="createContactWithOrgTest" time="12.36"/>
  <testcase classname="com.comcast.crm.producttest.CreateProductTest" name="createProductTest" time="6.287"/>
  <testcase classname="com.comcast.crm.producttest.CreateProductTest" name="createProductWithSalesDateTest" time="5.556"/>
  <testcase classname="com.comcast.crm.producttest.CreateProductTest" name="createProductWithVendor" time="12.445"/>
  <testcase classname="com.comcast.crm.calendartest.CreateAnEventTest" name="createACallEvent" time="11.318"/>
  <testcase classname="com.comcast.crm.calendartest.CreateAnEventTest" name="createAToDo" time="13.285"/>
  <testcase classname="com.comcast.crm.orgtest.CreateOrganizationTest" name="createOrgWithIndustryTest" time="6.212"/>
  <testcase classname="com.comcast.crm.orgtest.CreateOrganizationTest" name="createOrgWithTypeTest" time="5.562"/>
  <testcase classname="com.comcast.crm.orgtest.CreateOrganizationTest" name="createOrganizationTest" time="6.6"/>
  <testcase classname="com.comcast.crm.trouble_ticketstest.CreateTroubleTicketTest" name="createTroubleTicketTest" time="13.857"/>
  <testcase classname="com.comcast.crm.baseutility.BaseClass" name="@AfterSuite afterSuiteConfig" time="0.0">
    <ignored/>
  </testcase> <!-- @AfterSuite afterSuiteConfig -->
  <testcase classname="com.comcast.crm.baseutility.BaseClass" name="@BeforeSuite beforeSuiteConfig" time="0.0">
    <ignored/>
  </testcase> <!-- @BeforeSuite beforeSuiteConfig -->
  <testcase classname="com.comcast.crm.baseutility.BaseClass" name="@AfterSuite afterSuiteConfig" time="0.0">
    <ignored/>
  </testcase> <!-- @AfterSuite afterSuiteConfig -->
  <testcase classname="com.comcast.crm.baseutility.BaseClass" name="@BeforeSuite beforeSuiteConfig" time="0.0">
    <ignored/>
  </testcase> <!-- @BeforeSuite beforeSuiteConfig -->
  <testcase classname="com.comcast.crm.baseutility.BaseClass" name="@BeforeSuite beforeSuiteConfig" time="0.0">
    <ignored/>
  </testcase> <!-- @BeforeSuite beforeSuiteConfig -->
  <testcase classname="com.comcast.crm.baseutility.BaseClass" name="@BeforeSuite beforeSuiteConfig" time="0.0">
    <ignored/>
  </testcase> <!-- @BeforeSuite beforeSuiteConfig -->
  <testcase classname="com.comcast.crm.baseutility.BaseClass" name="@AfterSuite afterSuiteConfig" time="0.0">
    <ignored/>
  </testcase> <!-- @AfterSuite afterSuiteConfig -->
  <testcase classname="com.comcast.crm.baseutility.BaseClass" name="@AfterSuite afterSuiteConfig" time="0.0">
    <ignored/>
  </testcase> <!-- @AfterSuite afterSuiteConfig -->
</testsuite> <!-- Test-2 -->
