<?xml version="1.0" encoding="UTF-8"?>
<!-- Generated by org.testng.reporters.JUnitXMLReporter -->
<testsuite ignored="0" hostname="BOOK-T43CJUDFP3" failures="0" tests="3" name="Test-2" time="32.269" errors="0" timestamp="2025-11-14T14:55:33 IST">
  <testcase classname="com.comcast.crm.producttest.CreateProductTest" name="createProductTest" time="9.501"/>
  <testcase classname="com.comcast.crm.producttest.CreateProductTest" name="createProductWithSalesDateTest" time="5.112"/>
  <testcase classname="com.comcast.crm.producttest.CreateProductTest" name="createProductWithVendor" time="8.609"/>
</testsuite> <!-- Test-2 -->
