<?xml version="1.0" encoding="UTF-8"?>
<!-- Generated by org.testng.reporters.JUnitXMLReporter -->
<testsuite ignored="6" hostname="BOOK-T43CJUDFP3" failures="0" tests="2" name="Test" time="22.418" errors="0" timestamp="2025-11-11T14:42:00 IST">
  <testcase classname="com.comcast.crm.contacttest.CreateContactTest" name="createContactWithOrgTest" time="11.027"/>
  <testcase classname="com.comcast.crm.orgtest.CreateOrganizationTest" name="createOrganizationTest" time="4.736"/>
  <testcase classname="com.comcast.crm.baseutility.BaseClass" name="@AfterSuite afterSuiteConfig" time="0.0">
    <ignored/>
  </testcase> <!-- @AfterSuite afterSuiteConfig -->
  <testcase classname="com.comcast.crm.baseutility.BaseClass" name="@BeforeSuite beforeSuiteConfig" time="0.0">
    <ignored/>
  </testcase> <!-- @BeforeSuite beforeSuiteConfig -->
  <testcase classname="com.comcast.crm.orgtest.CreateOrganizationTest" name="createOrgWithIndustryTest" time="0.0">
    <ignored/>
  </testcase> <!-- createOrgWithIndustryTest -->
  <testcase classname="com.comcast.crm.contacttest.CreateContactTest" name="createContactTest" time="0.0">
    <ignored/>
  </testcase> <!-- createContactTest -->
  <testcase classname="com.comcast.crm.contacttest.CreateContactTest" name="createContactWithMobileTest" time="0.0">
    <ignored/>
  </testcase> <!-- createContactWithMobileTest -->
  <testcase classname="com.comcast.crm.orgtest.CreateOrganizationTest" name="createOrgWithTypeTest" time="0.0">
    <ignored/>
  </testcase> <!-- createOrgWithTypeTest -->
</testsuite> <!-- Test -->
