<?xml version="1.0" encoding="UTF-8"?>
<!-- Generated by org.testng.reporters.JUnitXMLReporter -->
<testsuite ignored="6" hostname="BOOK-T43CJUDFP3" failures="0" tests="11" name="Test-1" time="124.339" errors="0" timestamp="2025-11-14T12:55:10 IST">
  <testcase classname="com.comcast.crm.contacttest.CreateContactTest" name="createContactTest" time="7.729"/>
  <testcase classname="com.comcast.crm.contacttest.CreateContactTest" name="createContactWithMobileTest" time="8.298"/>
  <testcase classname="com.comcast.crm.contacttest.CreateContactTest" name="createContactWithOrgTest" time="10.827"/>
  <testcase classname="com.comcast.crm.producttest.CreateProductTest" name="createProductTest" time="6.096"/>
  <testcase classname="com.comcast.crm.producttest.CreateProductTest" name="createProductWithSalesDateTest" time="5.719"/>
  <testcase classname="com.comcast.crm.producttest.CreateProductTest" name="createProductWithVendor" time="10.092"/>
  <testcase classname="com.comcast.crm.calendartest.CreateAnEventTest" name="createACallEvent" time="10.785"/>
  <testcase classname="com.comcast.crm.calendartest.CreateAnEventTest" name="createAToDo" time="9.785"/>
  <testcase classname="com.comcast.crm.orgtest.CreateOrganizationTest" name="createOrgWithIndustryTest" time="7.044"/>
  <testcase classname="com.comcast.crm.orgtest.CreateOrganizationTest" name="createOrgWithTypeTest" time="5.937"/>
  <testcase classname="com.comcast.crm.orgtest.CreateOrganizationTest" name="createOrganizationTest" time="5.212"/>
  <testcase classname="com.comcast.crm.baseutility.BaseClass" name="@BeforeSuite beforeSuiteConfig" time="0.0">
    <ignored/>
  </testcase> <!-- @BeforeSuite beforeSuiteConfig -->
  <testcase classname="com.comcast.crm.baseutility.BaseClass" name="@AfterSuite afterSuiteConfig" time="0.0">
    <ignored/>
  </testcase> <!-- @AfterSuite afterSuiteConfig -->
  <testcase classname="com.comcast.crm.baseutility.BaseClass" name="@AfterSuite afterSuiteConfig" time="0.0">
    <ignored/>
  </testcase> <!-- @AfterSuite afterSuiteConfig -->
  <testcase classname="com.comcast.crm.baseutility.BaseClass" name="@AfterSuite afterSuiteConfig" time="0.0">
    <ignored/>
  </testcase> <!-- @AfterSuite afterSuiteConfig -->
  <testcase classname="com.comcast.crm.baseutility.BaseClass" name="@BeforeSuite beforeSuiteConfig" time="0.0">
    <ignored/>
  </testcase> <!-- @BeforeSuite beforeSuiteConfig -->
  <testcase classname="com.comcast.crm.baseutility.BaseClass" name="@BeforeSuite beforeSuiteConfig" time="0.0">
    <ignored/>
  </testcase> <!-- @BeforeSuite beforeSuiteConfig -->
</testsuite> <!-- Test-1 -->
