<?xml version="1.0" encoding="UTF-8"?>
<!-- Generated by org.testng.reporters.JUnitReportReporter -->
<testsuite hostname="BOOK-T43CJUDFP3" failures="0" tests="3" name="com.comcast.crm.orgtest.CreateOrganizationTest" time="23.393" errors="0" timestamp="2025-11-10T15:26:02 IST" skipped="0">
  <testcase classname="com.comcast.crm.orgtest.CreateOrganizationTest" name="createOrgWithIndustryTest" time="8.665">
    <system-out>
      <![CDATA[Navigated to Home Page
Navigated to Organization Page
Amazon3294 Organization Created
Amazon3294 Info Verified
Education Info Verified
OrgID: ACC39543]]>
    </system-out>
  </testcase> <!-- createOrgWithIndustryTest -->
  <testcase classname="com.comcast.crm.orgtest.CreateOrganizationTest" name="createOrgWithTypeTest" time="7.792">
    <system-out>
      <![CDATA[Navigated to Home Page
Navigated to Organization Page
Tesla1346 Organization Created
Tesla1346 Info Verified
Partner Info VErified
OrgID: ACC39545]]>
    </system-out>
  </testcase> <!-- createOrgWithTypeTest -->
  <testcase classname="com.comcast.crm.orgtest.CreateOrganizationTest" name="createOrganizationTest" time="6.936">
    <system-out>
      <![CDATA[Navigated to Home Page
Navigated to Organization Page
ISRO2945 Organization Created
ISRO2945 Info Verified
OrgID: ACC39546]]>
    </system-out>
  </testcase> <!-- createOrganizationTest -->
  <system-out>
    <![CDATA[Navigated to Home Page
Navigated to Organization Page
Amazon3294 Organization Created
Amazon3294 Info Verified
Education Info Verified
OrgID: ACC39543
Navigated to Home Page
Navigated to Organization Page
Tesla1346 Organization Created
Tesla1346 Info Verified
Partner Info VErified
OrgID: ACC39545
Navigated to Home Page
Navigated to Organization Page
ISRO2945 Organization Created
ISRO2945 Info Verified
OrgID: ACC39546]]>
  </system-out>
</testsuite> <!-- com.comcast.crm.orgtest.CreateOrganizationTest -->
