<?xml version="1.0" encoding="UTF-8"?>
<!-- Generated by org.testng.reporters.JUnitReportReporter -->
<testsuite hostname="BOOK-T43CJUDFP3" failures="0" tests="6" name="com.comcast.crm.orgtest.CreateOrganizationTest" time="49.498" errors="0" timestamp="2025-11-14T11:29:01 IST" skipped="0">
  <testcase classname="com.comcast.crm.orgtest.CreateOrganizationTest" name="createOrgWithTypeTest" time="7.909"/>
  <testcase classname="com.comcast.crm.orgtest.CreateOrganizationTest" name="createOrganizationTest" time="8.515"/>
  <testcase classname="com.comcast.crm.orgtest.CreateOrganizationTest" name="createOrgWithTypeTest" time="7.306"/>
  <testcase classname="com.comcast.crm.orgtest.CreateOrganizationTest" name="createOrgWithIndustryTest" time="9.037"/>
  <testcase classname="com.comcast.crm.orgtest.CreateOrganizationTest" name="createOrganizationTest" time="8.235"/>
  <testcase classname="com.comcast.crm.orgtest.CreateOrganizationTest" name="createOrgWithIndustryTest" time="8.496"/>
</testsuite> <!-- com.comcast.crm.orgtest.CreateOrganizationTest -->
