<?xml version="1.0" encoding="UTF-8"?>
<!-- Generated by org.testng.reporters.JUnitReportReporter -->
<testsuite hostname="BOOK-T43CJUDFP3" failures="0" tests="6" name="com.comcast.crm.contacttest.CreateContactTest" time="68.187" errors="0" timestamp="2025-11-14T11:29:01 IST" skipped="0">
  <testcase classname="com.comcast.crm.contacttest.CreateContactTest" name="createContactWithOrgTest" time="15.171"/>
  <testcase classname="com.comcast.crm.contacttest.CreateContactTest" name="createContactWithMobileTest" time="8.210"/>
  <testcase classname="com.comcast.crm.contacttest.CreateContactTest" name="createContactWithOrgTest" time="13.618"/>
  <testcase classname="com.comcast.crm.contacttest.CreateContactTest" name="createContactWithMobileTest" time="11.121"/>
  <testcase classname="com.comcast.crm.contacttest.CreateContactTest" name="createContactTest" time="8.861"/>
  <testcase classname="com.comcast.crm.contacttest.CreateContactTest" name="createContactTest" time="11.206"/>
</testsuite> <!-- com.comcast.crm.contacttest.CreateContactTest -->
