<?xml version="1.0" encoding="UTF-8"?>
<!-- Generated by org.testng.reporters.JUnitReportReporter -->
<testsuite hostname="BOOK-T43CJUDFP3" failures="0" tests="3" name="com.comcast.crm.orgtest.CreateOrganizationTest" time="26.446" errors="0" timestamp="2025-11-14T14:55:33 IST" skipped="0">
  <testcase classname="com.comcast.crm.orgtest.CreateOrganizationTest" name="createOrgWithIndustryTest" time="11.984"/>
  <testcase classname="com.comcast.crm.orgtest.CreateOrganizationTest" name="createOrgWithTypeTest" time="6.911"/>
  <testcase classname="com.comcast.crm.orgtest.CreateOrganizationTest" name="createOrganizationTest" time="7.551"/>
</testsuite> <!-- com.comcast.crm.orgtest.CreateOrganizationTest -->
