<?xml version="1.0" encoding="UTF-8"?>
<!-- Generated by org.testng.reporters.JUnitReportReporter -->
<testsuite hostname="BOOK-T43CJUDFP3" failures="0" tests="6" name="com.comcast.crm.producttest.CreateProductTest" time="61.371" errors="0" timestamp="2025-11-14T11:10:47 IST" skipped="0">
  <testcase classname="com.comcast.crm.producttest.CreateProductTest" name="createProductWithSalesDateTest" time="8.309"/>
  <testcase classname="com.comcast.crm.producttest.CreateProductTest" name="createProductWithVendor" time="12.691"/>
  <testcase classname="com.comcast.crm.producttest.CreateProductTest" name="createProductTest" time="9.009"/>
  <testcase classname="com.comcast.crm.producttest.CreateProductTest" name="createProductWithVendor" time="15.756"/>
  <testcase classname="com.comcast.crm.producttest.CreateProductTest" name="createProductWithSalesDateTest" time="7.508"/>
  <testcase classname="com.comcast.crm.producttest.CreateProductTest" name="createProductTest" time="8.098"/>
</testsuite> <!-- com.comcast.crm.producttest.CreateProductTest -->
