<?xml version="1.0" encoding="UTF-8"?>
<!-- Generated by org.testng.reporters.JUnitReportReporter -->
<testsuite hostname="BOOK-T43CJUDFP3" failures="0" tests="3" name="com.comcast.crm.contacttest.CreateContactTest" time="26.488" errors="0" timestamp="2025-11-10T15:24:19 IST" skipped="0">
  <testcase classname="com.comcast.crm.contacttest.CreateContactTest" name="createContactTest" time="7.521">
    <system-out>
      <![CDATA[Navigated to Home Page
Navigated to Contact Page
Creating a New Contact
Smith4296 Contact Created
Smith4296 Info Verified
CON23383]]>
    </system-out>
  </testcase> <!-- createContactTest -->
  <testcase classname="com.comcast.crm.contacttest.CreateContactTest" name="createContactWithOrgTest" time="11.559">
    <system-out>
      <![CDATA[Navigated to Home Page
Navigated to Organization Page
CIA3765 Organization Created
Navigated to Contact Page
Black3765 Contact Created
Black3765 Info Verified
Contact ID: CON23385]]>
    </system-out>
  </testcase> <!-- createContactWithOrgTest -->
  <testcase classname="com.comcast.crm.contacttest.CreateContactTest" name="createContactWithMobileTest" time="7.408">
    <system-out>
      <![CDATA[Navigated to Home Page
Navigated to Contact Page
Singh4344 Contact Created
Singh4344 Info Verified
987654321Info Verified]]>
    </system-out>
  </testcase> <!-- createContactWithMobileTest -->
  <system-out>
    <![CDATA[Navigated to Home Page
Navigated to Contact Page
Creating a New Contact
Smith4296 Contact Created
Smith4296 Info Verified
CON23383
Navigated to Home Page
Navigated to Contact Page
Singh4344 Contact Created
Singh4344 Info Verified
987654321Info Verified
Navigated to Home Page
Navigated to Organization Page
CIA3765 Organization Created
Navigated to Contact Page
Black3765 Contact Created
Black3765 Info Verified
Contact ID: CON23385]]>
  </system-out>
</testsuite> <!-- com.comcast.crm.contacttest.CreateContactTest -->
