<?xml version="1.0" encoding="UTF-8"?>
<!-- Generated by org.testng.reporters.JUnitReportReporter -->
<testsuite hostname="BOOK-T43CJUDFP3" failures="0" tests="2" name="com.comcast.crm.calendartest.CreateAnEvent" time="23.090" errors="0" timestamp="2025-11-10T15:23:17 IST" skipped="0">
  <testcase classname="com.comcast.crm.calendartest.CreateAnEvent" name="createACallEvent" time="13.062"/>
  <testcase classname="com.comcast.crm.calendartest.CreateAnEvent" name="createAToDo" time="10.028"/>
</testsuite> <!-- com.comcast.crm.calendartest.CreateAnEvent -->
