<?xml version="1.0" encoding="UTF-8"?>
<!-- Generated by org.testng.reporters.JUnitReportReporter -->
<testsuite hostname="BOOK-T43CJUDFP3" failures="0" tests="1" name="com.comcast.crm.trouble_ticketstest.CreateTroubleTicket" time="18.048" errors="0" timestamp="2025-11-10T15:27:35 IST" skipped="0">
  <testcase classname="com.comcast.crm.trouble_ticketstest.CreateTroubleTicket" name="createTroubleTicketTest" time="18.048"/>
</testsuite> <!-- com.comcast.crm.trouble_ticketstest.CreateTroubleTicket -->
