<?xml version="1.0" encoding="UTF-8"?>
<!-- Generated by org.testng.reporters.JUnitReportReporter -->
<testsuite hostname="BOOK-T43CJUDFP3" failures="0" tests="2" name="com.comcast.crm.trouble_ticketstest.CreateTroubleTicketTest" time="34.365" errors="0" timestamp="2025-11-14T11:29:01 IST" skipped="0">
  <testcase classname="com.comcast.crm.trouble_ticketstest.CreateTroubleTicketTest" name="createTroubleTicketTest" time="17.841"/>
  <testcase classname="com.comcast.crm.trouble_ticketstest.CreateTroubleTicketTest" name="createTroubleTicketTest" time="16.524"/>
</testsuite> <!-- com.comcast.crm.trouble_ticketstest.CreateTroubleTicketTest -->
