<?xml version="1.0" encoding="UTF-8"?>
<!-- Generated by org.testng.reporters.JUnitReportReporter -->
<testsuite hostname="BOOK-T43CJUDFP3" failures="0" tests="3" name="com.comcast.crm.producttest.CreateProductTest" time="30.366" errors="0" timestamp="2025-11-14T14:55:33 IST" skipped="0">
  <testcase classname="com.comcast.crm.producttest.CreateProductTest" name="createProductWithSalesDateTest" time="7.293"/>
  <testcase classname="com.comcast.crm.producttest.CreateProductTest" name="createProductTest" time="12.301"/>
  <testcase classname="com.comcast.crm.producttest.CreateProductTest" name="createProductWithVendor" time="10.772"/>
</testsuite> <!-- com.comcast.crm.producttest.CreateProductTest -->
