<?xml version="1.0" encoding="UTF-8"?>
<!-- Generated by org.testng.reporters.JUnitReportReporter -->
<testsuite hostname="BOOK-T43CJUDFP3" failures="0" tests="4" name="com.comcast.crm.calendartest.CreateAnEventTest" time="48.505" errors="0" timestamp="2025-11-14T12:55:10 IST" skipped="0">
  <testcase classname="com.comcast.crm.calendartest.CreateAnEventTest" name="createACallEvent" time="11.764"/>
  <testcase classname="com.comcast.crm.calendartest.CreateAnEventTest" name="createAToDo" time="11.103"/>
  <testcase classname="com.comcast.crm.calendartest.CreateAnEventTest" name="createAToDo" time="12.240"/>
  <testcase classname="com.comcast.crm.calendartest.CreateAnEventTest" name="createACallEvent" time="13.398"/>
</testsuite> <!-- com.comcast.crm.calendartest.CreateAnEventTest -->
