<?xml version="1.0" encoding="UTF-8"?>
<!-- Generated by org.testng.reporters.JUnitReportReporter -->
<testsuite hostname="BOOK-T43CJUDFP3" failures="0" tests="3" name="com.comcast.crm.producttest.CreateProductTest" time="31.693" errors="0" timestamp="2025-11-10T15:26:57 IST" skipped="0">
  <testcase classname="com.comcast.crm.producttest.CreateProductTest" name="createProductWithVendor" time="12.843"/>
  <testcase classname="com.comcast.crm.producttest.CreateProductTest" name="createProductWithSalesDateTest" time="6.897"/>
  <testcase classname="com.comcast.crm.producttest.CreateProductTest" name="createProductTest" time="11.953"/>
</testsuite> <!-- com.comcast.crm.producttest.CreateProductTest -->
