<?xml version="1.0" encoding="UTF-8"?>
<!-- Generated by org.testng.reporters.JUnitReportReporter -->
<testsuite hostname="BOOK-T43CJUDFP3" failures="0" tests="4" name="com.comcast.crm.calendartest.CreateAnEventTest" time="46.547" errors="0" timestamp="2025-11-14T11:29:01 IST" skipped="0">
  <testcase classname="com.comcast.crm.calendartest.CreateAnEventTest" name="createACallEvent" time="12.558"/>
  <testcase classname="com.comcast.crm.calendartest.CreateAnEventTest" name="createAToDo" time="12.001"/>
  <testcase classname="com.comcast.crm.calendartest.CreateAnEventTest" name="createAToDo" time="10.942"/>
  <testcase classname="com.comcast.crm.calendartest.CreateAnEventTest" name="createACallEvent" time="11.046"/>
</testsuite> <!-- com.comcast.crm.calendartest.CreateAnEventTest -->
