<?xml version="1.0" encoding="UTF-8"?>
<testng-results ignored="0" total="6" passed="5" failed="1" skipped="0">
  <reporter-output>
  </reporter-output>
  <suite started-at="2025-11-14T10:39:29 IST" name="Suite" finished-at="2025-11-14T10:40:11 IST" duration-ms="41577">
    <groups>
      <group name="regressionTest">
        <method signature="CreateOrganizationTest.createOrgWithIndustryTest()[pri:0, instance:com.comcast.crm.orgtest.CreateOrganizationTest@43bc63a3]" name="createOrgWithIndustryTest" class="com.comcast.crm.orgtest.CreateOrganizationTest"/>
        <method signature="CreateOrganizationTest.createOrgWithTypeTest()[pri:0, instance:com.comcast.crm.orgtest.CreateOrganizationTest@43bc63a3]" name="createOrgWithTypeTest" class="com.comcast.crm.orgtest.CreateOrganizationTest"/>
        <method signature="CreateContactTest.createContactWithMobileTest()[pri:0, instance:com.comcast.crm.contacttest.CreateContactTest@38afe297]" name="createContactWithMobileTest" class="com.comcast.crm.contacttest.CreateContactTest"/>
        <method signature="CreateContactTest.createContactWithOrgTest()[pri:0, instance:com.comcast.crm.contacttest.CreateContactTest@38afe297]" name="createContactWithOrgTest" class="com.comcast.crm.contacttest.CreateContactTest"/>
      </group> <!-- regressionTest -->
      <group name="smokeTest">
        <method signature="CreateOrganizationTest.createOrganizationTest()[pri:0, instance:com.comcast.crm.orgtest.CreateOrganizationTest@43bc63a3]" name="createOrganizationTest" class="com.comcast.crm.orgtest.CreateOrganizationTest"/>
        <method signature="CreateContactTest.createContactTest()[pri:0, instance:com.comcast.crm.contacttest.CreateContactTest@38afe297]" name="createContactTest" class="com.comcast.crm.contacttest.CreateContactTest"/>
      </group> <!-- smokeTest -->
    </groups>
    <test started-at="2025-11-14T10:39:29 IST" name="Test-2" finished-at="2025-11-14T10:40:06 IST" duration-ms="36507">
      <class name="com.comcast.crm.orgtest.CreateOrganizationTest">
        <test-method is-config="true" signature="beforeClassConfig(java.lang.String)[pri:0, instance:com.comcast.crm.orgtest.CreateOrganizationTest@43bc63a3]" started-at="2025-11-14T10:39:29 IST" name="beforeClassConfig" finished-at="2025-11-14T10:39:32 IST" duration-ms="3335" status="PASS">
          <params>
            <param index="0">
              <value>
                <![CDATA[chrome]]>
              </value>
            </param>
          </params>
          <reporter-output>
          </reporter-output>
        </test-method> <!-- beforeClassConfig -->
        <test-method is-config="true" signature="beforeMethodConfig()[pri:0, instance:com.comcast.crm.orgtest.CreateOrganizationTest@43bc63a3]" started-at="2025-11-14T10:39:32 IST" name="beforeMethodConfig" finished-at="2025-11-14T10:39:35 IST" duration-ms="2116" status="PASS">
          <reporter-output>
          </reporter-output>
        </test-method> <!-- beforeMethodConfig -->
        <test-method signature="createOrgWithIndustryTest()[pri:0, instance:com.comcast.crm.orgtest.CreateOrganizationTest@43bc63a3]" started-at="2025-11-14T10:39:35 IST" name="createOrgWithIndustryTest" finished-at="2025-11-14T10:39:43 IST" duration-ms="8637" status="FAIL">
          <exception class="org.apache.poi.EmptyFileException">
            <message>
              <![CDATA[The supplied file was empty (zero bytes long)]]>
            </message>
            <full-stacktrace>
              <![CDATA[org.apache.poi.EmptyFileException: The supplied file was empty (zero bytes long)
at org.apache.poi.util.IOUtils.peekFirstNBytes(IOUtils.java:111)
at org.apache.poi.poifs.filesystem.FileMagic.valueOf(FileMagic.java:206)
at org.apache.poi.ss.usermodel.WorkbookFactory.create(WorkbookFactory.java:248)
at org.apache.poi.ss.usermodel.WorkbookFactory.create(WorkbookFactory.java:221)
at com.comcast.crm.generic.fileutility.ExcelFileUtility.setDataToExcel(ExcelFileUtility.java:31)
at com.comcast.crm.orgtest.CreateOrganizationTest.createOrgWithIndustryTest(CreateOrganizationTest.java:115)
at java.base/jdk.internal.reflect.DirectMethodHandleAccessor.invoke(DirectMethodHandleAccessor.java:103)
at java.base/java.lang.reflect.Method.invoke(Method.java:580)
at org.testng.internal.invokers.MethodInvocationHelper.invokeMethod(MethodInvocationHelper.java:141)
at org.testng.internal.invokers.TestInvoker.invokeMethod(TestInvoker.java:686)
at org.testng.internal.invokers.TestInvoker.invokeTestMethod(TestInvoker.java:230)
at org.testng.internal.invokers.MethodRunner.runInSequence(MethodRunner.java:63)
at org.testng.internal.invokers.TestInvoker$MethodInvocationAgent.invoke(TestInvoker.java:992)
at org.testng.internal.invokers.TestInvoker.invokeTestMethods(TestInvoker.java:203)
at org.testng.internal.invokers.TestMethodWorker.invokeTestMethods(TestMethodWorker.java:154)
at org.testng.internal.invokers.TestMethodWorker.run(TestMethodWorker.java:134)
at java.base/java.util.ArrayList.forEach(ArrayList.java:1596)
at org.testng.TestRunner.privateRun(TestRunner.java:739)
at org.testng.TestRunner.run(TestRunner.java:614)
at org.testng.SuiteRunner.runTest(SuiteRunner.java:421)
at org.testng.SuiteRunner$SuiteWorker.run(SuiteRunner.java:463)
at org.testng.internal.thread.ThreadUtil.lambda$execute$0(ThreadUtil.java:64)
at java.base/java.util.concurrent.FutureTask.run(FutureTask.java:317)
at java.base/java.util.concurrent.ThreadPoolExecutor.runWorker(ThreadPoolExecutor.java:1144)
at java.base/java.util.concurrent.ThreadPoolExecutor$Worker.run(ThreadPoolExecutor.java:642)
at java.base/java.lang.Thread.run(Thread.java:1583)
]]>
            </full-stacktrace>
          </exception> <!-- org.apache.poi.EmptyFileException -->
          <reporter-output>
          </reporter-output>
        </test-method> <!-- createOrgWithIndustryTest -->
        <test-method is-config="true" signature="afterMethodCongig()[pri:0, instance:com.comcast.crm.orgtest.CreateOrganizationTest@43bc63a3]" started-at="2025-11-14T10:39:44 IST" name="afterMethodCongig" finished-at="2025-11-14T10:39:44 IST" duration-ms="804" status="PASS">
          <reporter-output>
          </reporter-output>
        </test-method> <!-- afterMethodCongig -->
        <test-method is-config="true" signature="beforeMethodConfig()[pri:0, instance:com.comcast.crm.orgtest.CreateOrganizationTest@43bc63a3]" started-at="2025-11-14T10:39:44 IST" name="beforeMethodConfig" finished-at="2025-11-14T10:39:46 IST" duration-ms="1750" status="PASS">
          <reporter-output>
          </reporter-output>
        </test-method> <!-- beforeMethodConfig -->
        <test-method signature="createOrgWithTypeTest()[pri:0, instance:com.comcast.crm.orgtest.CreateOrganizationTest@43bc63a3]" started-at="2025-11-14T10:39:46 IST" name="createOrgWithTypeTest" finished-at="2025-11-14T10:39:54 IST" duration-ms="7940" status="PASS">
          <reporter-output>
          </reporter-output>
        </test-method> <!-- createOrgWithTypeTest -->
        <test-method is-config="true" signature="afterMethodCongig()[pri:0, instance:com.comcast.crm.orgtest.CreateOrganizationTest@43bc63a3]" started-at="2025-11-14T10:39:54 IST" name="afterMethodCongig" finished-at="2025-11-14T10:39:56 IST" duration-ms="1417" status="PASS">
          <reporter-output>
          </reporter-output>
        </test-method> <!-- afterMethodCongig -->
        <test-method is-config="true" signature="beforeMethodConfig()[pri:0, instance:com.comcast.crm.orgtest.CreateOrganizationTest@43bc63a3]" started-at="2025-11-14T10:39:56 IST" name="beforeMethodConfig" finished-at="2025-11-14T10:39:57 IST" duration-ms="1805" status="PASS">
          <reporter-output>
          </reporter-output>
        </test-method> <!-- beforeMethodConfig -->
        <test-method signature="createOrganizationTest()[pri:0, instance:com.comcast.crm.orgtest.CreateOrganizationTest@43bc63a3]" started-at="2025-11-14T10:39:57 IST" name="createOrganizationTest" finished-at="2025-11-14T10:40:04 IST" duration-ms="6868" status="PASS">
          <reporter-output>
          </reporter-output>
        </test-method> <!-- createOrganizationTest -->
        <test-method is-config="true" signature="afterMethodCongig()[pri:0, instance:com.comcast.crm.orgtest.CreateOrganizationTest@43bc63a3]" started-at="2025-11-14T10:40:04 IST" name="afterMethodCongig" finished-at="2025-11-14T10:40:05 IST" duration-ms="979" status="PASS">
          <reporter-output>
          </reporter-output>
        </test-method> <!-- afterMethodCongig -->
        <test-method is-config="true" signature="afterClassConfig()[pri:0, instance:com.comcast.crm.orgtest.CreateOrganizationTest@43bc63a3]" started-at="2025-11-14T10:40:05 IST" name="afterClassConfig" finished-at="2025-11-14T10:40:06 IST" duration-ms="361" status="PASS">
          <reporter-output>
          </reporter-output>
        </test-method> <!-- afterClassConfig -->
      </class> <!-- com.comcast.crm.orgtest.CreateOrganizationTest -->
    </test> <!-- Test-2 -->
    <test started-at="2025-11-14T10:39:29 IST" name="Test-1" finished-at="2025-11-14T10:40:11 IST" duration-ms="41577">
      <class name="com.comcast.crm.contacttest.CreateContactTest">
        <test-method is-config="true" signature="beforeSuiteConfig()[pri:0, instance:com.comcast.crm.contacttest.CreateContactTest@38afe297]" started-at="2025-11-14T10:39:28 IST" name="beforeSuiteConfig" finished-at="2025-11-14T10:39:29 IST" duration-ms="709" status="PASS">
          <reporter-output>
          </reporter-output>
        </test-method> <!-- beforeSuiteConfig -->
        <test-method is-config="true" signature="beforeClassConfig(java.lang.String)[pri:0, instance:com.comcast.crm.contacttest.CreateContactTest@38afe297]" started-at="2025-11-14T10:39:29 IST" name="beforeClassConfig" finished-at="2025-11-14T10:39:32 IST" duration-ms="3335" status="PASS">
          <params>
            <param index="0">
              <value>
                <![CDATA[chrome]]>
              </value>
            </param>
          </params>
          <reporter-output>
          </reporter-output>
        </test-method> <!-- beforeClassConfig -->
        <test-method is-config="true" signature="beforeMethodConfig()[pri:0, instance:com.comcast.crm.contacttest.CreateContactTest@38afe297]" started-at="2025-11-14T10:39:32 IST" name="beforeMethodConfig" finished-at="2025-11-14T10:39:35 IST" duration-ms="2415" status="PASS">
          <reporter-output>
          </reporter-output>
        </test-method> <!-- beforeMethodConfig -->
        <test-method signature="createContactTest()[pri:0, instance:com.comcast.crm.contacttest.CreateContactTest@38afe297]" started-at="2025-11-14T10:39:35 IST" name="createContactTest" finished-at="2025-11-14T10:39:44 IST" duration-ms="8709" status="PASS">
          <reporter-output>
          </reporter-output>
        </test-method> <!-- createContactTest -->
        <test-method is-config="true" signature="afterMethodCongig()[pri:0, instance:com.comcast.crm.contacttest.CreateContactTest@38afe297]" started-at="2025-11-14T10:39:44 IST" name="afterMethodCongig" finished-at="2025-11-14T10:39:45 IST" duration-ms="1029" status="PASS">
          <reporter-output>
          </reporter-output>
        </test-method> <!-- afterMethodCongig -->
        <test-method is-config="true" signature="beforeMethodConfig()[pri:0, instance:com.comcast.crm.contacttest.CreateContactTest@38afe297]" started-at="2025-11-14T10:39:45 IST" name="beforeMethodConfig" finished-at="2025-11-14T10:39:45 IST" duration-ms="695" status="PASS">
          <reporter-output>
          </reporter-output>
        </test-method> <!-- beforeMethodConfig -->
        <test-method signature="createContactWithMobileTest()[pri:0, instance:com.comcast.crm.contacttest.CreateContactTest@38afe297]" started-at="2025-11-14T10:39:45 IST" name="createContactWithMobileTest" finished-at="2025-11-14T10:39:53 IST" duration-ms="7758" status="PASS">
          <reporter-output>
          </reporter-output>
        </test-method> <!-- createContactWithMobileTest -->
        <test-method is-config="true" signature="afterMethodCongig()[pri:0, instance:com.comcast.crm.contacttest.CreateContactTest@38afe297]" started-at="2025-11-14T10:39:53 IST" name="afterMethodCongig" finished-at="2025-11-14T10:39:55 IST" duration-ms="1748" status="PASS">
          <reporter-output>
          </reporter-output>
        </test-method> <!-- afterMethodCongig -->
        <test-method is-config="true" signature="beforeMethodConfig()[pri:0, instance:com.comcast.crm.contacttest.CreateContactTest@38afe297]" started-at="2025-11-14T10:39:55 IST" name="beforeMethodConfig" finished-at="2025-11-14T10:39:56 IST" duration-ms="886" status="PASS">
          <reporter-output>
          </reporter-output>
        </test-method> <!-- beforeMethodConfig -->
        <test-method signature="createContactWithOrgTest()[pri:0, instance:com.comcast.crm.contacttest.CreateContactTest@38afe297]" started-at="2025-11-14T10:39:56 IST" name="createContactWithOrgTest" finished-at="2025-11-14T10:40:10 IST" duration-ms="13721" status="PASS">
          <reporter-output>
          </reporter-output>
        </test-method> <!-- createContactWithOrgTest -->
        <test-method is-config="true" signature="afterMethodCongig()[pri:0, instance:com.comcast.crm.contacttest.CreateContactTest@38afe297]" started-at="2025-11-14T10:40:10 IST" name="afterMethodCongig" finished-at="2025-11-14T10:40:10 IST" duration-ms="812" status="PASS">
          <reporter-output>
          </reporter-output>
        </test-method> <!-- afterMethodCongig -->
        <test-method is-config="true" signature="afterClassConfig()[pri:0, instance:com.comcast.crm.contacttest.CreateContactTest@38afe297]" started-at="2025-11-14T10:40:10 IST" name="afterClassConfig" finished-at="2025-11-14T10:40:11 IST" duration-ms="275" status="PASS">
          <reporter-output>
          </reporter-output>
        </test-method> <!-- afterClassConfig -->
        <test-method is-config="true" signature="afterSuiteConfig()[pri:0, instance:com.comcast.crm.contacttest.CreateContactTest@38afe297]" started-at="2025-11-14T10:40:11 IST" name="afterSuiteConfig" finished-at="2025-11-14T10:40:11 IST" duration-ms="0" status="PASS">
          <reporter-output>
          </reporter-output>
        </test-method> <!-- afterSuiteConfig -->
      </class> <!-- com.comcast.crm.contacttest.CreateContactTest -->
    </test> <!-- Test-1 -->
  </suite> <!-- Suite -->
</testng-results>
